# JRE version: Java(TM) SE Runtime Environment (18.0.2.1+1) (build 18.0.2.1+1-1)
# Java VM: Java HotSpot(TM) 64-Bit Server VM (18.0.2.1+1-1, mixed mode, sharing, tiered, compressed oops, compressed class ptrs, g1 gc, windows-amd64)
GC Precious Log:
 CardTable entry size: 512
 Card Set container configuration: InlinePtr #cards 4 size 8 Array Of Cards #cards 16 size 48 Howl #buckets 8 coarsen threshold 3686 Howl Bitmap #cards 512 size 80 coarsen threshold 460 Card regions per heap region 1 cards per card region 4096
 CPUs: 16 total, 16 available
 Memory: 16236M
 Large Page Support: Disabled
 NUMA Support: Disabled
 Compressed Oops: Enabled (Zero based)
 Heap Region Size: 2M
 Heap Min Capacity: 8M
 Heap Initial Capacity: 254M
 Heap Max Capacity: 4060M
 Pre-touch: Disabled
 Parallel Workers: 13
 Concurrent Workers: 3
 Concurrent Refinement Workers: 13
 Periodic GC: Disabled
Heap:
 garbage-first heap   total 196608K, used 44233K [0x0000000702400000, 0x0000000800000000)
  region size 2048K, 1 young (2048K), 1 survivors (2048K)
 Metaspace       used 36054K, committed 36544K, reserved 1114112K
  class space    used 3953K, committed 4160K, reserved 1048576K
GC Heap History (20 events):
Event: 4.908 GC heap after
{Heap after GC invocations=13 (full 0):
 garbage-first heap   total 122880K, used 38597K [0x0000000702400000, 0x0000000800000000)
  region size 2048K, 3 young (6144K), 3 survivors (6144K)
 Metaspace       used 36019K, committed 36480K, reserved 1114112K
  class space    used 3950K, committed 4160K, reserved 1048576K
}
Event: 5.014 GC heap before
{Heap before GC invocations=13 (full 0):
 garbage-first heap   total 122880K, used 89797K [0x0000000702400000, 0x0000000800000000)
  region size 2048K, 28 young (57344K), 3 survivors (6144K)
 Metaspace       used 36021K, committed 36480K, reserved 1114112K
  class space    used 3950K, committed 4160K, reserved 1048576K
}
Event: 5.018 GC heap after
{Heap after GC invocations=14 (full 0):
 garbage-first heap   total 122880K, used 37844K [0x0000000702400000, 0x0000000800000000)
  region size 2048K, 2 young (4096K), 2 survivors (4096K)
 Metaspace       used 36021K, committed 36480K, reserved 1114112K
  class space    used 3950K, committed 4160K, reserved 1048576K
}
Event: 5.150 GC heap before
{Heap before GC invocations=14 (full 0):
 garbage-first heap   total 122880K, used 91092K [0x0000000702400000, 0x0000000800000000)
  region size 2048K, 28 young (57344K), 2 survivors (4096K)
 Metaspace       used 36034K, committed 36480K, reserved 1114112K
  class space    used 3952K, committed 4160K, reserved 1048576K
}
Event: 5.155 GC heap after
{Heap after GC invocations=15 (full 0):
 garbage-first heap   total 159744K, used 39581K [0x0000000702400000, 0x0000000800000000)
  region size 2048K, 3 young (6144K), 3 survivors (6144K)
 Metaspace       used 36034K, committed 36480K, reserved 1114112K
  class space    used 3952K, committed 4160K, reserved 1048576K
}
Event: 5.345 GC heap before
{Heap before GC invocations=15 (full 0):
 garbage-first heap   total 159744K, used 119453K [0x0000000702400000, 0x0000000800000000)
  region size 2048K, 42 young (86016K), 3 survivors (6144K)
 Metaspace       used 36043K, committed 36480K, reserved 1114112K
  class space    used 3952K, committed 4160K, reserved 1048576K
}
Event: 5.350 GC heap after
{Heap after GC invocations=16 (full 0):
 garbage-first heap   total 159744K, used 41261K [0x0000000702400000, 0x0000000800000000)
  region size 2048K, 4 young (8192K), 4 survivors (8192K)
 Metaspace       used 36043K, committed 36480K, reserved 1114112K
  class space    used 3952K, committed 4160K, reserved 1048576K
}
Event: 5.504 GC heap before
{Heap before GC invocations=16 (full 0):
 garbage-first heap   total 159744K, used 121133K [0x0000000702400000, 0x0000000800000000)
  region size 2048K, 43 young (88064K), 4 survivors (8192K)
 Metaspace       used 36043K, committed 36480K, reserved 1114112K
  class space    used 3952K, committed 4160K, reserved 1048576K
}
Event: 5.508 GC heap after
{Heap after GC invocations=17 (full 0):
 garbage-first heap   total 159744K, used 42086K [0x0000000702400000, 0x0000000800000000)
  region size 2048K, 4 young (8192K), 4 survivors (8192K)
 Metaspace       used 36043K, committed 36480K, reserved 1114112K
  class space    used 3952K, committed 4160K, reserved 1048576K
}
Event: 5.655 GC heap before
{Heap before GC invocations=17 (full 0):
 garbage-first heap   total 159744K, used 121958K [0x0000000702400000, 0x0000000800000000)
  region size 2048K, 43 young (88064K), 4 survivors (8192K)
 Metaspace       used 36048K, committed 36544K, reserved 1114112K
  class space    used 3952K, committed 4160K, reserved 1048576K
}
Event: 5.659 GC heap after
{Heap after GC invocations=18 (full 0):
 garbage-first heap   total 159744K, used 43034K [0x0000000702400000, 0x0000000800000000)
  region size 2048K, 4 young (8192K), 4 survivors (8192K)
 Metaspace       used 36048K, committed 36544K, reserved 1114112K
  class space    used 3952K, committed 4160K, reserved 1048576K
}
Event: 5.832 GC heap before
{Heap before GC invocations=18 (full 0):
 garbage-first heap   total 159744K, used 124954K [0x0000000702400000, 0x0000000800000000)
  region size 2048K, 44 young (90112K), 4 survivors (8192K)
 Metaspace       used 36054K, committed 36544K, reserved 1114112K
  class space    used 3953K, committed 4160K, reserved 1048576K
}
Event: 6.845 GC heap after
{Heap after GC invocations=19 (full 0):
 garbage-first heap   total 196608K, used 43925K [0x0000000702400000, 0x0000000800000000)
  region size 2048K, 4 young (8192K), 4 survivors (8192K)
 Metaspace       used 36054K, committed 36544K, reserved 1114112K
  class space    used 3953K, committed 4160K, reserved 1048576K
}
Event: 6.850 GC heap before
{Heap before GC invocations=19 (full 0):
 garbage-first heap   total 196608K, used 45973K [0x0000000702400000, 0x0000000800000000)
  region size 2048K, 5 young (10240K), 4 survivors (8192K)
 Metaspace       used 36054K, committed 36544K, reserved 1114112K
  class space    used 3953K, committed 4160K, reserved 1048576K
}
Event: 6.852 GC heap after
{Heap after GC invocations=20 (full 0):
 garbage-first heap   total 196608K, used 43476K [0x0000000702400000, 0x0000000800000000)
  region size 2048K, 1 young (2048K), 1 survivors (2048K)
 Metaspace       used 36054K, committed 36544K, reserved 1114112K
  class space    used 3953K, committed 4160K, reserved 1048576K
}
Event: 6.867 GC heap before
{Heap before GC invocations=20 (full 0):
 garbage-first heap   total 196608K, used 49620K [0x0000000702400000, 0x0000000800000000)
  region size 2048K, 4 young (8192K), 1 survivors (2048K)
 Metaspace       used 36054K, committed 36544K, reserved 1114112K
  class space    used 3953K, committed 4160K, reserved 1048576K
}
Event: 6.868 GC heap after
{Heap after GC invocations=21 (full 0):
 garbage-first heap   total 196608K, used 43200K [0x0000000702400000, 0x0000000800000000)
  region size 2048K, 1 young (2048K), 1 survivors (2048K)
 Metaspace       used 36054K, committed 36544K, reserved 1114112K
  class space    used 3953K, committed 4160K, reserved 1048576K
}
Event: 6.883 GC heap before
{Heap before GC invocations=21 (full 0):
 garbage-first heap   total 196608K, used 47296K [0x0000000702400000, 0x0000000800000000)
  region size 2048K, 4 young (8192K), 1 survivors (2048K)
 Metaspace       used 36054K, committed 36544K, reserved 1114112K
  class space    used 3953K, committed 4160K, reserved 1048576K
}
Event: 6.884 GC heap after
{Heap after GC invocations=22 (full 0):
 garbage-first heap   total 196608K, used 43816K [0x0000000702400000, 0x0000000800000000)
  region size 2048K, 1 young (2048K), 1 survivors (2048K)
 Metaspace       used 36054K, committed 36544K, reserved 1114112K
  class space    used 3953K, committed 4160K, reserved 1048576K
}
Event: 6.897 GC heap before
{Heap before GC invocations=22 (full 0):
 garbage-first heap   total 196608K, used 49960K [0x0000000702400000, 0x0000000800000000)
  region size 2048K, 4 young (8192K), 1 survivors (2048K)
 Metaspace       used 36054K, committed 36544K, reserved 1114112K
  class space    used 3953K, committed 4160K, reserved 1048576K
}

